[0.021s] Invoking command in '/home/tenthub/dev_ws/src/my_bot/build/my_bot': CMAKE_PREFIX_PATH=${CMAKE_PREFIX_PATH}:/opt/ros/foxy /usr/bin/cmake --build /home/tenthub/dev_ws/src/my_bot/build/my_bot -- -j2 -l2
[0.062s] Invoked command in '/home/tenthub/dev_ws/src/my_bot/build/my_bot' returned '0': CMAKE_PREFIX_PATH=${CMAKE_PREFIX_PATH}:/opt/ros/foxy /usr/bin/cmake --build /home/tenthub/dev_ws/src/my_bot/build/my_bot -- -j2 -l2
[0.096s] Invoking command in '/home/tenthub/dev_ws/src/my_bot/build/my_bot': CMAKE_PREFIX_PATH=${CMAKE_PREFIX_PATH}:/opt/ros/foxy /usr/bin/cmake --install /home/tenthub/dev_ws/src/my_bot/build/my_bot
[0.107s] -- Install configuration: ""
[0.107s] -- Execute custom install script
[0.108s] -- Up-to-date symlink: /home/tenthub/dev_ws/src/my_bot/install/my_bot/share/my_bot/config/empty.yaml
[0.108s] -- Up-to-date symlink: /home/tenthub/dev_ws/src/my_bot/install/my_bot/share/my_bot/config/view_bot.rviz
[0.114s] -- Up-to-date symlink: /home/tenthub/dev_ws/src/my_bot/install/my_bot/share/my_bot/description/gazebo_control.xacro
[0.114s] -- Up-to-date symlink: /home/tenthub/dev_ws/src/my_bot/install/my_bot/share/my_bot/description/inertial_macros.xacro
[0.115s] -- Up-to-date symlink: /home/tenthub/dev_ws/src/my_bot/install/my_bot/share/my_bot/description/robot.urdf.xacro
[0.115s] -- Up-to-date symlink: /home/tenthub/dev_ws/src/my_bot/install/my_bot/share/my_bot/description/robot_core.xacro
[0.115s] -- Up-to-date symlink: /home/tenthub/dev_ws/src/my_bot/install/my_bot/share/my_bot/launch/launch_sim.launch.py
[0.116s] -- Up-to-date symlink: /home/tenthub/dev_ws/src/my_bot/install/my_bot/share/my_bot/launch/rsp.launch.py
[0.116s] -- Up-to-date symlink: /home/tenthub/dev_ws/src/my_bot/install/my_bot/share/my_bot/worlds/empty.world
[0.116s] -- Up-to-date symlink: /home/tenthub/dev_ws/src/my_bot/install/my_bot/share/ament_index/resource_index/package_run_dependencies/my_bot
[0.116s] -- Up-to-date symlink: /home/tenthub/dev_ws/src/my_bot/install/my_bot/share/ament_index/resource_index/parent_prefix_path/my_bot
[0.116s] -- Up-to-date symlink: /home/tenthub/dev_ws/src/my_bot/install/my_bot/share/my_bot/environment/ament_prefix_path.sh
[0.117s] -- Up-to-date symlink: /home/tenthub/dev_ws/src/my_bot/install/my_bot/share/my_bot/environment/ament_prefix_path.dsv
[0.117s] -- Up-to-date symlink: /home/tenthub/dev_ws/src/my_bot/install/my_bot/share/my_bot/environment/path.sh
[0.117s] -- Up-to-date symlink: /home/tenthub/dev_ws/src/my_bot/install/my_bot/share/my_bot/environment/path.dsv
[0.117s] -- Up-to-date symlink: /home/tenthub/dev_ws/src/my_bot/install/my_bot/share/my_bot/local_setup.bash
[0.117s] -- Up-to-date symlink: /home/tenthub/dev_ws/src/my_bot/install/my_bot/share/my_bot/local_setup.sh
[0.117s] -- Up-to-date symlink: /home/tenthub/dev_ws/src/my_bot/install/my_bot/share/my_bot/local_setup.zsh
[0.118s] -- Up-to-date symlink: /home/tenthub/dev_ws/src/my_bot/install/my_bot/share/my_bot/local_setup.dsv
[0.118s] -- Symlinking: /home/tenthub/dev_ws/src/my_bot/install/my_bot/share/my_bot/package.dsv
[0.126s] -- Up-to-date symlink: /home/tenthub/dev_ws/src/my_bot/install/my_bot/share/ament_index/resource_index/packages/my_bot
[0.126s] -- Up-to-date symlink: /home/tenthub/dev_ws/src/my_bot/install/my_bot/share/my_bot/cmake/my_botConfig.cmake
[0.127s] -- Up-to-date symlink: /home/tenthub/dev_ws/src/my_bot/install/my_bot/share/my_bot/cmake/my_botConfig-version.cmake
[0.127s] -- Up-to-date symlink: /home/tenthub/dev_ws/src/my_bot/install/my_bot/share/my_bot/package.xml
[0.131s] Invoked command in '/home/tenthub/dev_ws/src/my_bot/build/my_bot' returned '0': CMAKE_PREFIX_PATH=${CMAKE_PREFIX_PATH}:/opt/ros/foxy /usr/bin/cmake --install /home/tenthub/dev_ws/src/my_bot/build/my_bot
