[0.115s] DEBUG:colcon:Command line arguments: ['/usr/bin/colcon', 'build', '--symlink-install']
[0.115s] DEBUG:colcon:Parsed command line arguments: Namespace(allow_overriding=[], ament_cmake_args=None, base_paths=['.'], build_base='build', catkin_cmake_args=None, catkin_skip_building_tests=False, cmake_args=None, cmake_clean_cache=False, cmake_clean_first=False, cmake_force_configure=False, cmake_target=None, cmake_target_skip_unavailable=False, continue_on_error=False, event_handlers=None, executor='parallel', ignore_user_meta=False, install_base='install', log_base=None, log_level=None, main=<bound method BuildVerb.main of <colcon_core.verb.build.BuildVerb object at 0x7f44847e2610>>, merge_install=False, metas=['./colcon.meta'], packages_above=None, packages_above_and_dependencies=None, packages_above_depth=None, packages_end=None, packages_ignore=None, packages_ignore_regex=None, packages_select=None, packages_select_build_failed=False, packages_select_by_dep=None, packages_select_regex=None, packages_select_test_failures=False, packages_skip=None, packages_skip_build_finished=False, packages_skip_by_dep=None, packages_skip_regex=None, packages_skip_test_passed=False, packages_skip_up_to=None, packages_start=None, packages_up_to=None, packages_up_to_regex=None, parallel_workers=2, paths=None, symlink_install=True, test_result_base=None, verb_extension=<colcon_core.verb.build.BuildVerb object at 0x7f44847e2610>, verb_name='build', verb_parser=<colcon_defaults.argument_parser.defaults.DefaultArgumentsDecorator object at 0x7f44847e2b50>)
[0.134s] Level 1:colcon.colcon_core.package_discovery:discover_packages(colcon_meta) check parameters
[0.134s] Level 1:colcon.colcon_core.package_discovery:discover_packages(recursive) check parameters
[0.134s] Level 1:colcon.colcon_core.package_discovery:discover_packages(ignore) check parameters
[0.134s] Level 1:colcon.colcon_core.package_discovery:discover_packages(path) check parameters
[0.134s] Level 1:colcon.colcon_core.package_discovery:discover_packages(colcon_meta) discover
[0.134s] Level 1:colcon.colcon_core.package_discovery:discover_packages(recursive) discover
[0.134s] INFO:colcon.colcon_core.package_discovery:Crawling recursively for packages in '/home/tenthub/dev_ws/src/my_bot'
[0.135s] Level 1:colcon.colcon_core.package_identification:_identify(.) by extensions ['ignore', 'ignore_ament_install']
[0.135s] Level 1:colcon.colcon_core.package_identification:_identify(.) by extension 'ignore'
[0.135s] Level 1:colcon.colcon_core.package_identification:_identify(.) by extension 'ignore_ament_install'
[0.135s] Level 1:colcon.colcon_core.package_identification:_identify(.) by extensions ['colcon_pkg']
[0.135s] Level 1:colcon.colcon_core.package_identification:_identify(.) by extension 'colcon_pkg'
[0.135s] Level 1:colcon.colcon_core.package_identification:_identify(.) by extensions ['colcon_meta']
[0.135s] Level 1:colcon.colcon_core.package_identification:_identify(.) by extension 'colcon_meta'
[0.135s] Level 1:colcon.colcon_core.package_identification:_identify(.) by extensions ['ros']
[0.135s] Level 1:colcon.colcon_core.package_identification:_identify(.) by extension 'ros'
[0.145s] DEBUG:colcon.colcon_core.package_identification:Package '.' with type 'ros.ament_cmake' and name 'my_bot'
[0.145s] Level 1:colcon.colcon_core.package_discovery:discover_packages(recursive) using defaults
[0.146s] Level 1:colcon.colcon_core.package_discovery:discover_packages(ignore) discover
[0.146s] Level 1:colcon.colcon_core.package_discovery:discover_packages(ignore) using defaults
[0.146s] Level 1:colcon.colcon_core.package_discovery:discover_packages(path) discover
[0.146s] Level 1:colcon.colcon_core.package_discovery:discover_packages(path) using defaults
[0.171s] Level 1:colcon.colcon_core.package_discovery:discover_packages(prefix_path) check parameters
[0.171s] Level 1:colcon.colcon_core.package_discovery:discover_packages(prefix_path) discover
[0.173s] DEBUG:colcon.colcon_installed_package_information.package_discovery:Found 1 installed packages in /home/tenthub/dev_ws/install
[0.174s] DEBUG:colcon.colcon_installed_package_information.package_discovery:Found 266 installed packages in /opt/ros/foxy
[0.175s] Level 1:colcon.colcon_core.package_discovery:discover_packages(prefix_path) using defaults
[0.228s] Level 5:colcon.colcon_core.verb:set package 'my_bot' build argument 'cmake_args' from command line to 'None'
[0.228s] Level 5:colcon.colcon_core.verb:set package 'my_bot' build argument 'cmake_target' from command line to 'None'
[0.228s] Level 5:colcon.colcon_core.verb:set package 'my_bot' build argument 'cmake_target_skip_unavailable' from command line to 'False'
[0.228s] Level 5:colcon.colcon_core.verb:set package 'my_bot' build argument 'cmake_clean_cache' from command line to 'False'
[0.228s] Level 5:colcon.colcon_core.verb:set package 'my_bot' build argument 'cmake_clean_first' from command line to 'False'
[0.228s] Level 5:colcon.colcon_core.verb:set package 'my_bot' build argument 'cmake_force_configure' from command line to 'False'
[0.228s] Level 5:colcon.colcon_core.verb:set package 'my_bot' build argument 'ament_cmake_args' from command line to 'None'
[0.228s] Level 5:colcon.colcon_core.verb:set package 'my_bot' build argument 'catkin_cmake_args' from command line to 'None'
[0.228s] Level 5:colcon.colcon_core.verb:set package 'my_bot' build argument 'catkin_skip_building_tests' from command line to 'False'
[0.228s] DEBUG:colcon.colcon_core.verb:Building package 'my_bot' with the following arguments: {'ament_cmake_args': None, 'build_base': '/home/tenthub/dev_ws/src/my_bot/build/my_bot', 'catkin_cmake_args': None, 'catkin_skip_building_tests': False, 'cmake_args': None, 'cmake_clean_cache': False, 'cmake_clean_first': False, 'cmake_force_configure': False, 'cmake_target': None, 'cmake_target_skip_unavailable': False, 'install_base': '/home/tenthub/dev_ws/src/my_bot/install/my_bot', 'merge_install': False, 'path': '/home/tenthub/dev_ws/src/my_bot', 'symlink_install': True, 'test_result_base': None}
[0.230s] INFO:colcon.colcon_core.executor:Executing jobs using 'parallel' executor
[0.233s] DEBUG:colcon.colcon_parallel_executor.executor.parallel:run_until_complete
[0.234s] INFO:colcon.colcon_ros.task.ament_cmake.build:Building ROS package in '/home/tenthub/dev_ws/src/my_bot' with build type 'ament_cmake'
[0.234s] INFO:colcon.colcon_cmake.task.cmake.build:Building CMake package in '/home/tenthub/dev_ws/src/my_bot'
[0.237s] INFO:colcon.colcon_core.plugin_system:Skipping extension 'colcon_core.shell.bat': Not used on non-Windows systems
[0.238s] INFO:colcon.colcon_core.shell:Skip shell extension 'powershell' for command environment: Not usable outside of PowerShell
[0.238s] DEBUG:colcon.colcon_core.shell:Skip shell extension 'dsv' for command environment
[0.251s] DEBUG:colcon.colcon_core.event_handler.log_command:Invoking command in '/home/tenthub/dev_ws/src/my_bot/build/my_bot': CMAKE_PREFIX_PATH=${CMAKE_PREFIX_PATH}:/opt/ros/foxy /usr/bin/cmake --build /home/tenthub/dev_ws/src/my_bot/build/my_bot -- -j2 -l2
[0.288s] DEBUG:colcon.colcon_core.event_handler.log_command:Invoked command in '/home/tenthub/dev_ws/src/my_bot/build/my_bot' returned '0': CMAKE_PREFIX_PATH=${CMAKE_PREFIX_PATH}:/opt/ros/foxy /usr/bin/cmake --build /home/tenthub/dev_ws/src/my_bot/build/my_bot -- -j2 -l2
[0.320s] DEBUG:colcon.colcon_core.event_handler.log_command:Invoking command in '/home/tenthub/dev_ws/src/my_bot/build/my_bot': CMAKE_PREFIX_PATH=${CMAKE_PREFIX_PATH}:/opt/ros/foxy /usr/bin/cmake --install /home/tenthub/dev_ws/src/my_bot/build/my_bot
[0.350s] Level 1:colcon.colcon_core.environment:create_environment_scripts_only(my_bot)
[0.351s] DEBUG:colcon.colcon_core.event_handler.log_command:Invoked command in '/home/tenthub/dev_ws/src/my_bot/build/my_bot' returned '0': CMAKE_PREFIX_PATH=${CMAKE_PREFIX_PATH}:/opt/ros/foxy /usr/bin/cmake --install /home/tenthub/dev_ws/src/my_bot/build/my_bot
[0.356s] Level 1:colcon.colcon_core.environment:checking '/home/tenthub/dev_ws/src/my_bot/install/my_bot' for CMake module files
[0.356s] Level 1:colcon.colcon_core.environment:checking '/home/tenthub/dev_ws/src/my_bot/install/my_bot' for CMake config files
[0.356s] Level 1:colcon.colcon_core.shell:create_environment_hook('my_bot', 'cmake_prefix_path')
[0.357s] INFO:colcon.colcon_core.shell:Creating environment hook '/home/tenthub/dev_ws/src/my_bot/install/my_bot/share/my_bot/hook/cmake_prefix_path.ps1'
[0.358s] INFO:colcon.colcon_core.shell:Creating environment descriptor '/home/tenthub/dev_ws/src/my_bot/install/my_bot/share/my_bot/hook/cmake_prefix_path.dsv'
[0.358s] INFO:colcon.colcon_core.shell:Creating environment hook '/home/tenthub/dev_ws/src/my_bot/install/my_bot/share/my_bot/hook/cmake_prefix_path.sh'
[0.359s] Level 1:colcon.colcon_core.environment:checking '/home/tenthub/dev_ws/src/my_bot/install/my_bot/bin'
[0.359s] Level 1:colcon.colcon_core.environment:checking '/home/tenthub/dev_ws/src/my_bot/install/my_bot/lib/pkgconfig/my_bot.pc'
[0.360s] Level 1:colcon.colcon_core.environment:checking '/home/tenthub/dev_ws/src/my_bot/install/my_bot/lib/python3.8/site-packages'
[0.360s] Level 1:colcon.colcon_core.environment:checking '/home/tenthub/dev_ws/src/my_bot/install/my_bot/bin'
[0.361s] INFO:colcon.colcon_core.shell:Creating package script '/home/tenthub/dev_ws/src/my_bot/install/my_bot/share/my_bot/package.ps1'
[0.362s] INFO:colcon.colcon_core.shell:Creating package descriptor '/home/tenthub/dev_ws/src/my_bot/install/my_bot/share/my_bot/package.dsv'
[0.362s] INFO:colcon.colcon_core.shell:Creating package script '/home/tenthub/dev_ws/src/my_bot/install/my_bot/share/my_bot/package.sh'
[0.363s] INFO:colcon.colcon_core.shell:Creating package script '/home/tenthub/dev_ws/src/my_bot/install/my_bot/share/my_bot/package.bash'
[0.364s] INFO:colcon.colcon_core.shell:Creating package script '/home/tenthub/dev_ws/src/my_bot/install/my_bot/share/my_bot/package.zsh'
[0.364s] Level 1:colcon.colcon_core.environment:create_file_with_runtime_dependencies(/home/tenthub/dev_ws/src/my_bot/install/my_bot/share/colcon-core/packages/my_bot)
[0.384s] Level 1:colcon.colcon_core.environment:create_environment_scripts_only(my_bot)
[0.386s] Level 1:colcon.colcon_core.environment:checking '/home/tenthub/dev_ws/src/my_bot/install/my_bot' for CMake module files
[0.386s] Level 1:colcon.colcon_core.environment:checking '/home/tenthub/dev_ws/src/my_bot/install/my_bot' for CMake config files
[0.387s] Level 1:colcon.colcon_core.shell:create_environment_hook('my_bot', 'cmake_prefix_path')
[0.388s] INFO:colcon.colcon_core.shell:Creating environment hook '/home/tenthub/dev_ws/src/my_bot/install/my_bot/share/my_bot/hook/cmake_prefix_path.ps1'
[0.389s] INFO:colcon.colcon_core.shell:Creating environment descriptor '/home/tenthub/dev_ws/src/my_bot/install/my_bot/share/my_bot/hook/cmake_prefix_path.dsv'
[0.389s] INFO:colcon.colcon_core.shell:Creating environment hook '/home/tenthub/dev_ws/src/my_bot/install/my_bot/share/my_bot/hook/cmake_prefix_path.sh'
[0.390s] Level 1:colcon.colcon_core.environment:checking '/home/tenthub/dev_ws/src/my_bot/install/my_bot/bin'
[0.390s] Level 1:colcon.colcon_core.environment:checking '/home/tenthub/dev_ws/src/my_bot/install/my_bot/lib/pkgconfig/my_bot.pc'
[0.390s] Level 1:colcon.colcon_core.environment:checking '/home/tenthub/dev_ws/src/my_bot/install/my_bot/lib/python3.8/site-packages'
[0.390s] Level 1:colcon.colcon_core.environment:checking '/home/tenthub/dev_ws/src/my_bot/install/my_bot/bin'
[0.391s] INFO:colcon.colcon_core.shell:Creating package script '/home/tenthub/dev_ws/src/my_bot/install/my_bot/share/my_bot/package.ps1'
[0.392s] INFO:colcon.colcon_core.shell:Creating package descriptor '/home/tenthub/dev_ws/src/my_bot/install/my_bot/share/my_bot/package.dsv'
[0.392s] INFO:colcon.colcon_core.shell:Creating package script '/home/tenthub/dev_ws/src/my_bot/install/my_bot/share/my_bot/package.sh'
[0.393s] INFO:colcon.colcon_core.shell:Creating package script '/home/tenthub/dev_ws/src/my_bot/install/my_bot/share/my_bot/package.bash'
[0.393s] INFO:colcon.colcon_core.shell:Creating package script '/home/tenthub/dev_ws/src/my_bot/install/my_bot/share/my_bot/package.zsh'
[0.394s] Level 1:colcon.colcon_core.environment:create_file_with_runtime_dependencies(/home/tenthub/dev_ws/src/my_bot/install/my_bot/share/colcon-core/packages/my_bot)
[0.395s] DEBUG:colcon.colcon_parallel_executor.executor.parallel:closing loop
[0.395s] DEBUG:colcon.colcon_parallel_executor.executor.parallel:loop closed
[0.395s] DEBUG:colcon.colcon_parallel_executor.executor.parallel:run_until_complete finished with '0'
[0.395s] DEBUG:colcon.colcon_core.event_reactor:joining thread
[0.401s] INFO:colcon.colcon_core.plugin_system:Skipping extension 'colcon_notification.desktop_notification.terminal_notifier': Not used on non-Darwin systems
[0.401s] INFO:colcon.colcon_core.plugin_system:Skipping extension 'colcon_notification.desktop_notification.win32': Not used on non-Windows systems
[0.401s] INFO:colcon.colcon_notification.desktop_notification:Sending desktop notification using 'notify2'
[0.415s] DEBUG:colcon.colcon_core.event_reactor:joined thread
[0.417s] INFO:colcon.colcon_core.shell:Creating prefix script '/home/tenthub/dev_ws/src/my_bot/install/local_setup.ps1'
[0.418s] INFO:colcon.colcon_core.shell:Creating prefix util module '/home/tenthub/dev_ws/src/my_bot/install/_local_setup_util_ps1.py'
[0.420s] INFO:colcon.colcon_core.shell:Creating prefix chain script '/home/tenthub/dev_ws/src/my_bot/install/setup.ps1'
[0.421s] INFO:colcon.colcon_core.shell:Creating prefix script '/home/tenthub/dev_ws/src/my_bot/install/local_setup.sh'
[0.422s] INFO:colcon.colcon_core.shell:Creating prefix util module '/home/tenthub/dev_ws/src/my_bot/install/_local_setup_util_sh.py'
[0.423s] INFO:colcon.colcon_core.shell:Creating prefix chain script '/home/tenthub/dev_ws/src/my_bot/install/setup.sh'
[0.424s] INFO:colcon.colcon_core.shell:Creating prefix script '/home/tenthub/dev_ws/src/my_bot/install/local_setup.bash'
[0.425s] INFO:colcon.colcon_core.shell:Creating prefix chain script '/home/tenthub/dev_ws/src/my_bot/install/setup.bash'
[0.426s] INFO:colcon.colcon_core.shell:Creating prefix script '/home/tenthub/dev_ws/src/my_bot/install/local_setup.zsh'
[0.426s] INFO:colcon.colcon_core.shell:Creating prefix chain script '/home/tenthub/dev_ws/src/my_bot/install/setup.zsh'
