[0.019s] Invoking command in '/home/tenthub/dev_ws/src/my_bot/build/my_bot': CMAKE_PREFIX_PATH=${CMAKE_PREFIX_PATH}:/opt/ros/foxy /usr/bin/cmake --build /home/tenthub/dev_ws/src/my_bot/build/my_bot -- -j2 -l2
[0.057s] Invoked command in '/home/tenthub/dev_ws/src/my_bot/build/my_bot' returned '0': CMAKE_PREFIX_PATH=${CMAKE_PREFIX_PATH}:/opt/ros/foxy /usr/bin/cmake --build /home/tenthub/dev_ws/src/my_bot/build/my_bot -- -j2 -l2
[0.091s] Invoking command in '/home/tenthub/dev_ws/src/my_bot/build/my_bot': CMAKE_PREFIX_PATH=${CMAKE_PREFIX_PATH}:/opt/ros/foxy /usr/bin/cmake --install /home/tenthub/dev_ws/src/my_bot/build/my_bot
[0.101s] -- Install configuration: ""
[0.102s] -- Execute custom install script
[0.102s] -- Up-to-date symlink: /home/tenthub/dev_ws/src/my_bot/install/my_bot/share/my_bot/config/empty.yaml
[0.103s] -- Up-to-date symlink: /home/tenthub/dev_ws/src/my_bot/install/my_bot/share/my_bot/config/view_bot.rviz
[0.103s] -- Up-to-date symlink: /home/tenthub/dev_ws/src/my_bot/install/my_bot/share/my_bot/description/gazebo_control.xacro
[0.104s] -- Up-to-date symlink: /home/tenthub/dev_ws/src/my_bot/install/my_bot/share/my_bot/description/inertial_macros.xacro
[0.104s] -- Up-to-date symlink: /home/tenthub/dev_ws/src/my_bot/install/my_bot/share/my_bot/description/robot.urdf.xacro
[0.104s] -- Up-to-date symlink: /home/tenthub/dev_ws/src/my_bot/install/my_bot/share/my_bot/description/robot_core.xacro
[0.105s] -- Up-to-date symlink: /home/tenthub/dev_ws/src/my_bot/install/my_bot/share/my_bot/launch/launch_sim.launch.py
[0.105s] -- Up-to-date symlink: /home/tenthub/dev_ws/src/my_bot/install/my_bot/share/my_bot/launch/rsp.launch.py
[0.106s] -- Up-to-date symlink: /home/tenthub/dev_ws/src/my_bot/install/my_bot/share/my_bot/worlds/empty.world
[0.106s] -- Up-to-date symlink: /home/tenthub/dev_ws/src/my_bot/install/my_bot/share/ament_index/resource_index/package_run_dependencies/my_bot
[0.107s] -- Up-to-date symlink: /home/tenthub/dev_ws/src/my_bot/install/my_bot/share/ament_index/resource_index/parent_prefix_path/my_bot
[0.107s] -- Up-to-date symlink: /home/tenthub/dev_ws/src/my_bot/install/my_bot/share/my_bot/environment/ament_prefix_path.sh
[0.108s] -- Up-to-date symlink: /home/tenthub/dev_ws/src/my_bot/install/my_bot/share/my_bot/environment/ament_prefix_path.dsv
[0.108s] -- Up-to-date symlink: /home/tenthub/dev_ws/src/my_bot/install/my_bot/share/my_bot/environment/path.sh
[0.109s] -- Up-to-date symlink: /home/tenthub/dev_ws/src/my_bot/install/my_bot/share/my_bot/environment/path.dsv
[0.109s] -- Up-to-date symlink: /home/tenthub/dev_ws/src/my_bot/install/my_bot/share/my_bot/local_setup.bash
[0.112s] -- Up-to-date symlink: /home/tenthub/dev_ws/src/my_bot/install/my_bot/share/my_bot/local_setup.sh
[0.112s] -- Up-to-date symlink: /home/tenthub/dev_ws/src/my_bot/install/my_bot/share/my_bot/local_setup.zsh
[0.113s] -- Up-to-date symlink: /home/tenthub/dev_ws/src/my_bot/install/my_bot/share/my_bot/local_setup.dsv
[0.113s] -- Symlinking: /home/tenthub/dev_ws/src/my_bot/install/my_bot/share/my_bot/package.dsv
[0.123s] -- Up-to-date symlink: /home/tenthub/dev_ws/src/my_bot/install/my_bot/share/ament_index/resource_index/packages/my_bot
[0.123s] -- Up-to-date symlink: /home/tenthub/dev_ws/src/my_bot/install/my_bot/share/my_bot/cmake/my_botConfig.cmake
[0.123s] -- Up-to-date symlink: /home/tenthub/dev_ws/src/my_bot/install/my_bot/share/my_bot/cmake/my_botConfig-version.cmake
[0.124s] -- Up-to-date symlink: /home/tenthub/dev_ws/src/my_bot/install/my_bot/share/my_bot/package.xml
[0.128s] Invoked command in '/home/tenthub/dev_ws/src/my_bot/build/my_bot' returned '0': CMAKE_PREFIX_PATH=${CMAKE_PREFIX_PATH}:/opt/ros/foxy /usr/bin/cmake --install /home/tenthub/dev_ws/src/my_bot/build/my_bot
