[0.129s] DEBUG:colcon:Command line arguments: ['/usr/bin/colcon', 'build', '--symlink-install']
[0.129s] DEBUG:colcon:Parsed command line arguments: Namespace(allow_overriding=[], ament_cmake_args=None, base_paths=['.'], build_base='build', catkin_cmake_args=None, catkin_skip_building_tests=False, cmake_args=None, cmake_clean_cache=False, cmake_clean_first=False, cmake_force_configure=False, cmake_target=None, cmake_target_skip_unavailable=False, continue_on_error=False, event_handlers=None, executor='parallel', ignore_user_meta=False, install_base='install', log_base=None, log_level=None, main=<bound method BuildVerb.main of <colcon_core.verb.build.BuildVerb object at 0x7f659dbb25e0>>, merge_install=False, metas=['./colcon.meta'], packages_above=None, packages_above_and_dependencies=None, packages_above_depth=None, packages_end=None, packages_ignore=None, packages_ignore_regex=None, packages_select=None, packages_select_build_failed=False, packages_select_by_dep=None, packages_select_regex=None, packages_select_test_failures=False, packages_skip=None, packages_skip_build_finished=False, packages_skip_by_dep=None, packages_skip_regex=None, packages_skip_test_passed=False, packages_skip_up_to=None, packages_start=None, packages_up_to=None, packages_up_to_regex=None, parallel_workers=2, paths=None, symlink_install=True, test_result_base=None, verb_extension=<colcon_core.verb.build.BuildVerb object at 0x7f659dbb25e0>, verb_name='build', verb_parser=<colcon_defaults.argument_parser.defaults.DefaultArgumentsDecorator object at 0x7f659dbb2b20>)
[0.149s] Level 1:colcon.colcon_core.package_discovery:discover_packages(colcon_meta) check parameters
[0.149s] Level 1:colcon.colcon_core.package_discovery:discover_packages(recursive) check parameters
[0.149s] Level 1:colcon.colcon_core.package_discovery:discover_packages(ignore) check parameters
[0.149s] Level 1:colcon.colcon_core.package_discovery:discover_packages(path) check parameters
[0.149s] Level 1:colcon.colcon_core.package_discovery:discover_packages(colcon_meta) discover
[0.149s] Level 1:colcon.colcon_core.package_discovery:discover_packages(recursive) discover
[0.149s] INFO:colcon.colcon_core.package_discovery:Crawling recursively for packages in '/home/tenthub/dev_ws/src/my_bot'
[0.150s] Level 1:colcon.colcon_core.package_identification:_identify(.) by extensions ['ignore', 'ignore_ament_install']
[0.150s] Level 1:colcon.colcon_core.package_identification:_identify(.) by extension 'ignore'
[0.150s] Level 1:colcon.colcon_core.package_identification:_identify(.) by extension 'ignore_ament_install'
[0.150s] Level 1:colcon.colcon_core.package_identification:_identify(.) by extensions ['colcon_pkg']
[0.150s] Level 1:colcon.colcon_core.package_identification:_identify(.) by extension 'colcon_pkg'
[0.150s] Level 1:colcon.colcon_core.package_identification:_identify(.) by extensions ['colcon_meta']
[0.150s] Level 1:colcon.colcon_core.package_identification:_identify(.) by extension 'colcon_meta'
[0.150s] Level 1:colcon.colcon_core.package_identification:_identify(.) by extensions ['ros']
[0.150s] Level 1:colcon.colcon_core.package_identification:_identify(.) by extension 'ros'
[0.161s] DEBUG:colcon.colcon_core.package_identification:Package '.' with type 'ros.ament_cmake' and name 'my_bot'
[0.161s] Level 1:colcon.colcon_core.package_discovery:discover_packages(recursive) using defaults
[0.161s] Level 1:colcon.colcon_core.package_discovery:discover_packages(ignore) discover
[0.161s] Level 1:colcon.colcon_core.package_discovery:discover_packages(ignore) using defaults
[0.161s] Level 1:colcon.colcon_core.package_discovery:discover_packages(path) discover
[0.161s] Level 1:colcon.colcon_core.package_discovery:discover_packages(path) using defaults
[0.189s] Level 1:colcon.colcon_core.package_discovery:discover_packages(prefix_path) check parameters
[0.189s] Level 1:colcon.colcon_core.package_discovery:discover_packages(prefix_path) discover
[0.191s] DEBUG:colcon.colcon_installed_package_information.package_discovery:Found 1 installed packages in /home/tenthub/dev_ws/install
[0.192s] DEBUG:colcon.colcon_installed_package_information.package_discovery:Found 266 installed packages in /opt/ros/foxy
[0.194s] Level 1:colcon.colcon_core.package_discovery:discover_packages(prefix_path) using defaults
[0.250s] Level 5:colcon.colcon_core.verb:set package 'my_bot' build argument 'cmake_args' from command line to 'None'
[0.250s] Level 5:colcon.colcon_core.verb:set package 'my_bot' build argument 'cmake_target' from command line to 'None'
[0.250s] Level 5:colcon.colcon_core.verb:set package 'my_bot' build argument 'cmake_target_skip_unavailable' from command line to 'False'
[0.250s] Level 5:colcon.colcon_core.verb:set package 'my_bot' build argument 'cmake_clean_cache' from command line to 'False'
[0.250s] Level 5:colcon.colcon_core.verb:set package 'my_bot' build argument 'cmake_clean_first' from command line to 'False'
[0.250s] Level 5:colcon.colcon_core.verb:set package 'my_bot' build argument 'cmake_force_configure' from command line to 'False'
[0.250s] Level 5:colcon.colcon_core.verb:set package 'my_bot' build argument 'ament_cmake_args' from command line to 'None'
[0.250s] Level 5:colcon.colcon_core.verb:set package 'my_bot' build argument 'catkin_cmake_args' from command line to 'None'
[0.250s] Level 5:colcon.colcon_core.verb:set package 'my_bot' build argument 'catkin_skip_building_tests' from command line to 'False'
[0.250s] DEBUG:colcon.colcon_core.verb:Building package 'my_bot' with the following arguments: {'ament_cmake_args': None, 'build_base': '/home/tenthub/dev_ws/src/my_bot/build/my_bot', 'catkin_cmake_args': None, 'catkin_skip_building_tests': False, 'cmake_args': None, 'cmake_clean_cache': False, 'cmake_clean_first': False, 'cmake_force_configure': False, 'cmake_target': None, 'cmake_target_skip_unavailable': False, 'install_base': '/home/tenthub/dev_ws/src/my_bot/install/my_bot', 'merge_install': False, 'path': '/home/tenthub/dev_ws/src/my_bot', 'symlink_install': True, 'test_result_base': None}
[0.250s] INFO:colcon.colcon_core.executor:Executing jobs using 'parallel' executor
[0.254s] DEBUG:colcon.colcon_parallel_executor.executor.parallel:run_until_complete
[0.255s] INFO:colcon.colcon_ros.task.ament_cmake.build:Building ROS package in '/home/tenthub/dev_ws/src/my_bot' with build type 'ament_cmake'
[0.255s] INFO:colcon.colcon_cmake.task.cmake.build:Building CMake package in '/home/tenthub/dev_ws/src/my_bot'
[0.259s] INFO:colcon.colcon_core.plugin_system:Skipping extension 'colcon_core.shell.bat': Not used on non-Windows systems
[0.259s] INFO:colcon.colcon_core.shell:Skip shell extension 'powershell' for command environment: Not usable outside of PowerShell
[0.259s] DEBUG:colcon.colcon_core.shell:Skip shell extension 'dsv' for command environment
[0.272s] DEBUG:colcon.colcon_core.event_handler.log_command:Invoking command in '/home/tenthub/dev_ws/src/my_bot/build/my_bot': CMAKE_PREFIX_PATH=${CMAKE_PREFIX_PATH}:/opt/ros/foxy /usr/bin/cmake /home/tenthub/dev_ws/src/my_bot -DAMENT_CMAKE_SYMLINK_INSTALL=1 -DCMAKE_INSTALL_PREFIX=/home/tenthub/dev_ws/src/my_bot/install/my_bot
[1.170s] DEBUG:colcon.colcon_core.event_handler.log_command:Invoked command in '/home/tenthub/dev_ws/src/my_bot/build/my_bot' returned '0': CMAKE_PREFIX_PATH=${CMAKE_PREFIX_PATH}:/opt/ros/foxy /usr/bin/cmake /home/tenthub/dev_ws/src/my_bot -DAMENT_CMAKE_SYMLINK_INSTALL=1 -DCMAKE_INSTALL_PREFIX=/home/tenthub/dev_ws/src/my_bot/install/my_bot
[1.173s] DEBUG:colcon.colcon_core.event_handler.log_command:Invoking command in '/home/tenthub/dev_ws/src/my_bot/build/my_bot': CMAKE_PREFIX_PATH=${CMAKE_PREFIX_PATH}:/opt/ros/foxy /usr/bin/cmake --build /home/tenthub/dev_ws/src/my_bot/build/my_bot -- -j2 -l2
[1.213s] DEBUG:colcon.colcon_core.event_handler.log_command:Invoked command in '/home/tenthub/dev_ws/src/my_bot/build/my_bot' returned '0': CMAKE_PREFIX_PATH=${CMAKE_PREFIX_PATH}:/opt/ros/foxy /usr/bin/cmake --build /home/tenthub/dev_ws/src/my_bot/build/my_bot -- -j2 -l2
[1.260s] DEBUG:colcon.colcon_core.event_handler.log_command:Invoking command in '/home/tenthub/dev_ws/src/my_bot/build/my_bot': CMAKE_PREFIX_PATH=${CMAKE_PREFIX_PATH}:/opt/ros/foxy /usr/bin/cmake --install /home/tenthub/dev_ws/src/my_bot/build/my_bot
[1.474s] Level 1:colcon.colcon_core.environment:create_environment_scripts_only(my_bot)
[1.476s] DEBUG:colcon.colcon_core.event_handler.log_command:Invoked command in '/home/tenthub/dev_ws/src/my_bot/build/my_bot' returned '0': CMAKE_PREFIX_PATH=${CMAKE_PREFIX_PATH}:/opt/ros/foxy /usr/bin/cmake --install /home/tenthub/dev_ws/src/my_bot/build/my_bot
[1.479s] Level 1:colcon.colcon_core.environment:checking '/home/tenthub/dev_ws/src/my_bot/install/my_bot' for CMake module files
[1.480s] Level 1:colcon.colcon_core.environment:checking '/home/tenthub/dev_ws/src/my_bot/install/my_bot' for CMake config files
[1.480s] Level 1:colcon.colcon_core.shell:create_environment_hook('my_bot', 'cmake_prefix_path')
[1.481s] INFO:colcon.colcon_core.shell:Creating environment hook '/home/tenthub/dev_ws/src/my_bot/install/my_bot/share/my_bot/hook/cmake_prefix_path.ps1'
[1.482s] INFO:colcon.colcon_core.shell:Creating environment descriptor '/home/tenthub/dev_ws/src/my_bot/install/my_bot/share/my_bot/hook/cmake_prefix_path.dsv'
[1.483s] INFO:colcon.colcon_core.shell:Creating environment hook '/home/tenthub/dev_ws/src/my_bot/install/my_bot/share/my_bot/hook/cmake_prefix_path.sh'
[1.484s] Level 1:colcon.colcon_core.environment:checking '/home/tenthub/dev_ws/src/my_bot/install/my_bot/bin'
[1.484s] Level 1:colcon.colcon_core.environment:checking '/home/tenthub/dev_ws/src/my_bot/install/my_bot/lib/pkgconfig/my_bot.pc'
[1.484s] Level 1:colcon.colcon_core.environment:checking '/home/tenthub/dev_ws/src/my_bot/install/my_bot/lib/python3.8/site-packages'
[1.484s] Level 1:colcon.colcon_core.environment:checking '/home/tenthub/dev_ws/src/my_bot/install/my_bot/bin'
[1.486s] INFO:colcon.colcon_core.shell:Creating package script '/home/tenthub/dev_ws/src/my_bot/install/my_bot/share/my_bot/package.ps1'
[1.486s] INFO:colcon.colcon_core.shell:Creating package descriptor '/home/tenthub/dev_ws/src/my_bot/install/my_bot/share/my_bot/package.dsv'
[1.487s] INFO:colcon.colcon_core.shell:Creating package script '/home/tenthub/dev_ws/src/my_bot/install/my_bot/share/my_bot/package.sh'
[1.487s] INFO:colcon.colcon_core.shell:Creating package script '/home/tenthub/dev_ws/src/my_bot/install/my_bot/share/my_bot/package.bash'
[1.488s] INFO:colcon.colcon_core.shell:Creating package script '/home/tenthub/dev_ws/src/my_bot/install/my_bot/share/my_bot/package.zsh'
[1.488s] Level 1:colcon.colcon_core.environment:create_file_with_runtime_dependencies(/home/tenthub/dev_ws/src/my_bot/install/my_bot/share/colcon-core/packages/my_bot)
[1.510s] Level 1:colcon.colcon_core.environment:create_environment_scripts_only(my_bot)
[1.511s] Level 1:colcon.colcon_core.environment:checking '/home/tenthub/dev_ws/src/my_bot/install/my_bot' for CMake module files
[1.512s] Level 1:colcon.colcon_core.environment:checking '/home/tenthub/dev_ws/src/my_bot/install/my_bot' for CMake config files
[1.512s] Level 1:colcon.colcon_core.shell:create_environment_hook('my_bot', 'cmake_prefix_path')
[1.513s] INFO:colcon.colcon_core.shell:Creating environment hook '/home/tenthub/dev_ws/src/my_bot/install/my_bot/share/my_bot/hook/cmake_prefix_path.ps1'
[1.514s] INFO:colcon.colcon_core.shell:Creating environment descriptor '/home/tenthub/dev_ws/src/my_bot/install/my_bot/share/my_bot/hook/cmake_prefix_path.dsv'
[1.514s] INFO:colcon.colcon_core.shell:Creating environment hook '/home/tenthub/dev_ws/src/my_bot/install/my_bot/share/my_bot/hook/cmake_prefix_path.sh'
[1.515s] Level 1:colcon.colcon_core.environment:checking '/home/tenthub/dev_ws/src/my_bot/install/my_bot/bin'
[1.515s] Level 1:colcon.colcon_core.environment:checking '/home/tenthub/dev_ws/src/my_bot/install/my_bot/lib/pkgconfig/my_bot.pc'
[1.515s] Level 1:colcon.colcon_core.environment:checking '/home/tenthub/dev_ws/src/my_bot/install/my_bot/lib/python3.8/site-packages'
[1.515s] Level 1:colcon.colcon_core.environment:checking '/home/tenthub/dev_ws/src/my_bot/install/my_bot/bin'
[1.516s] INFO:colcon.colcon_core.shell:Creating package script '/home/tenthub/dev_ws/src/my_bot/install/my_bot/share/my_bot/package.ps1'
[1.517s] INFO:colcon.colcon_core.shell:Creating package descriptor '/home/tenthub/dev_ws/src/my_bot/install/my_bot/share/my_bot/package.dsv'
[1.517s] INFO:colcon.colcon_core.shell:Creating package script '/home/tenthub/dev_ws/src/my_bot/install/my_bot/share/my_bot/package.sh'
[1.518s] INFO:colcon.colcon_core.shell:Creating package script '/home/tenthub/dev_ws/src/my_bot/install/my_bot/share/my_bot/package.bash'
[1.518s] INFO:colcon.colcon_core.shell:Creating package script '/home/tenthub/dev_ws/src/my_bot/install/my_bot/share/my_bot/package.zsh'
[1.519s] Level 1:colcon.colcon_core.environment:create_file_with_runtime_dependencies(/home/tenthub/dev_ws/src/my_bot/install/my_bot/share/colcon-core/packages/my_bot)
[1.519s] DEBUG:colcon.colcon_parallel_executor.executor.parallel:closing loop
[1.520s] DEBUG:colcon.colcon_parallel_executor.executor.parallel:loop closed
[1.520s] DEBUG:colcon.colcon_parallel_executor.executor.parallel:run_until_complete finished with '0'
[1.520s] DEBUG:colcon.colcon_core.event_reactor:joining thread
[1.527s] INFO:colcon.colcon_core.plugin_system:Skipping extension 'colcon_notification.desktop_notification.terminal_notifier': Not used on non-Darwin systems
[1.527s] INFO:colcon.colcon_core.plugin_system:Skipping extension 'colcon_notification.desktop_notification.win32': Not used on non-Windows systems
[1.527s] INFO:colcon.colcon_notification.desktop_notification:Sending desktop notification using 'notify2'
[1.689s] DEBUG:colcon.colcon_core.event_reactor:joined thread
[1.690s] INFO:colcon.colcon_core.shell:Creating prefix script '/home/tenthub/dev_ws/src/my_bot/install/local_setup.ps1'
[1.691s] INFO:colcon.colcon_core.shell:Creating prefix util module '/home/tenthub/dev_ws/src/my_bot/install/_local_setup_util_ps1.py'
[1.692s] INFO:colcon.colcon_core.shell:Creating prefix chain script '/home/tenthub/dev_ws/src/my_bot/install/setup.ps1'
[1.693s] INFO:colcon.colcon_core.shell:Creating prefix script '/home/tenthub/dev_ws/src/my_bot/install/local_setup.sh'
[1.693s] INFO:colcon.colcon_core.shell:Creating prefix util module '/home/tenthub/dev_ws/src/my_bot/install/_local_setup_util_sh.py'
[1.694s] INFO:colcon.colcon_core.shell:Creating prefix chain script '/home/tenthub/dev_ws/src/my_bot/install/setup.sh'
[1.696s] INFO:colcon.colcon_core.shell:Creating prefix script '/home/tenthub/dev_ws/src/my_bot/install/local_setup.bash'
[1.696s] INFO:colcon.colcon_core.shell:Creating prefix chain script '/home/tenthub/dev_ws/src/my_bot/install/setup.bash'
[1.697s] INFO:colcon.colcon_core.shell:Creating prefix script '/home/tenthub/dev_ws/src/my_bot/install/local_setup.zsh'
[1.698s] INFO:colcon.colcon_core.shell:Creating prefix chain script '/home/tenthub/dev_ws/src/my_bot/install/setup.zsh'
