[0.031s] Invoking command in '/home/tenthub/dev_ws/src/my_bot/build/my_bot': CMAKE_PREFIX_PATH=${CMAKE_PREFIX_PATH}:/opt/ros/foxy /usr/bin/cmake --build /home/tenthub/dev_ws/src/my_bot/build/my_bot -- -j2 -l2
[0.129s] Invoked command in '/home/tenthub/dev_ws/src/my_bot/build/my_bot' returned '0': CMAKE_PREFIX_PATH=${CMAKE_PREFIX_PATH}:/opt/ros/foxy /usr/bin/cmake --build /home/tenthub/dev_ws/src/my_bot/build/my_bot -- -j2 -l2
[0.189s] Invoking command in '/home/tenthub/dev_ws/src/my_bot/build/my_bot': CMAKE_PREFIX_PATH=${CMAKE_PREFIX_PATH}:/opt/ros/foxy /usr/bin/cmake --install /home/tenthub/dev_ws/src/my_bot/build/my_bot
[0.210s] -- Install configuration: ""
[0.211s] -- Execute custom install script
[0.211s] -- Up-to-date symlink: /home/tenthub/dev_ws/src/my_bot/install/my_bot/share/my_bot/config/empty.yaml
[0.212s] -- Up-to-date symlink: /home/tenthub/dev_ws/src/my_bot/install/my_bot/share/my_bot/config/view_bot.rviz
[0.212s] -- Up-to-date symlink: /home/tenthub/dev_ws/src/my_bot/install/my_bot/share/my_bot/description/gazebo_control.xacro
[0.212s] -- Up-to-date symlink: /home/tenthub/dev_ws/src/my_bot/install/my_bot/share/my_bot/description/inertial_macros.xacro
[0.213s] -- Up-to-date symlink: /home/tenthub/dev_ws/src/my_bot/install/my_bot/share/my_bot/description/robot.urdf.xacro
[0.213s] -- Up-to-date symlink: /home/tenthub/dev_ws/src/my_bot/install/my_bot/share/my_bot/description/robot_core.xacro
[0.213s] -- Up-to-date symlink: /home/tenthub/dev_ws/src/my_bot/install/my_bot/share/my_bot/launch/launch_sim.launch.py
[0.214s] -- Up-to-date symlink: /home/tenthub/dev_ws/src/my_bot/install/my_bot/share/my_bot/launch/rsp.launch.py
[0.214s] -- Up-to-date symlink: /home/tenthub/dev_ws/src/my_bot/install/my_bot/share/my_bot/worlds/empty.world
[0.214s] -- Up-to-date symlink: /home/tenthub/dev_ws/src/my_bot/install/my_bot/share/ament_index/resource_index/package_run_dependencies/my_bot
[0.223s] -- Up-to-date symlink: /home/tenthub/dev_ws/src/my_bot/install/my_bot/share/ament_index/resource_index/parent_prefix_path/my_bot
[0.223s] -- Up-to-date symlink: /home/tenthub/dev_ws/src/my_bot/install/my_bot/share/my_bot/environment/ament_prefix_path.sh
[0.225s] -- Up-to-date symlink: /home/tenthub/dev_ws/src/my_bot/install/my_bot/share/my_bot/environment/ament_prefix_path.dsv
[0.225s] -- Up-to-date symlink: /home/tenthub/dev_ws/src/my_bot/install/my_bot/share/my_bot/environment/path.sh
[0.226s] -- Up-to-date symlink: /home/tenthub/dev_ws/src/my_bot/install/my_bot/share/my_bot/environment/path.dsv
[0.226s] -- Up-to-date symlink: /home/tenthub/dev_ws/src/my_bot/install/my_bot/share/my_bot/local_setup.bash
[0.227s] -- Up-to-date symlink: /home/tenthub/dev_ws/src/my_bot/install/my_bot/share/my_bot/local_setup.sh
[0.228s] -- Up-to-date symlink: /home/tenthub/dev_ws/src/my_bot/install/my_bot/share/my_bot/local_setup.zsh
[0.228s] -- Up-to-date symlink: /home/tenthub/dev_ws/src/my_bot/install/my_bot/share/my_bot/local_setup.dsv
[0.228s] -- Symlinking: /home/tenthub/dev_ws/src/my_bot/install/my_bot/share/my_bot/package.dsv
[0.242s] -- Up-to-date symlink: /home/tenthub/dev_ws/src/my_bot/install/my_bot/share/ament_index/resource_index/packages/my_bot
[0.242s] -- Up-to-date symlink: /home/tenthub/dev_ws/src/my_bot/install/my_bot/share/my_bot/cmake/my_botConfig.cmake
[0.243s] -- Up-to-date symlink: /home/tenthub/dev_ws/src/my_bot/install/my_bot/share/my_bot/cmake/my_botConfig-version.cmake
[0.243s] -- Up-to-date symlink: /home/tenthub/dev_ws/src/my_bot/install/my_bot/share/my_bot/package.xml
[0.245s] Invoked command in '/home/tenthub/dev_ws/src/my_bot/build/my_bot' returned '0': CMAKE_PREFIX_PATH=${CMAKE_PREFIX_PATH}:/opt/ros/foxy /usr/bin/cmake --install /home/tenthub/dev_ws/src/my_bot/build/my_bot
